<?xml version="1.0" encoding="UTF-8"?>
<testng-results skipped="0" failed="0" ignored="0" total="1" passed="1">
  <reporter-output>
  </reporter-output>
  <suite name="Default suite" duration-ms="70" started-at="2022-07-14T12:46:24 IST" finished-at="2022-07-14T12:46:24 IST">
    <groups>
    </groups>
    <test name="Default test" duration-ms="70" started-at="2022-07-14T12:46:24 IST" finished-at="2022-07-14T12:46:24 IST">
      <class name="SampleTest.ParameterTest">
        <test-method status="PASS" signature="tryParameter()[pri:0, instance:SampleTest.ParameterTest@2db7a79b]" name="tryParameter" duration-ms="10" started-at="2022-07-14T12:46:24 IST" finished-at="2022-07-14T12:46:24 IST">
          <reporter-output>
          </reporter-output>
        </test-method> <!-- tryParameter -->
      </class> <!-- SampleTest.ParameterTest -->
    </test> <!-- Default test -->
  </suite> <!-- Default suite -->
</testng-results>
